# JRE version: OpenJDK Runtime Environment (17.0.9) (build 17.0.9+0--11185874)
# Java VM: OpenJDK 64-Bit Server VM (17.0.9+0--11185874, mixed mode, tiered, compressed oops, compressed class ptrs, g1 gc, windows-amd64)
GC Precious Log:
 CPUs: 16 total, 16 available
 Memory: 8027M
 Large Page Support: Disabled
 NUMA Support: Disabled
 Compressed Oops: Enabled (32-bit)
 Heap Region Size: 1M
 Heap Min Capacity: 8M
 Heap Initial Capacity: 126M
 Heap Max Capacity: 2G
 Pre-touch: Disabled
 Parallel Workers: 13
 Concurrent Workers: 3
 Concurrent Refinement Workers: 13
 Periodic GC: Disabled
Heap:
 garbage-first heap   total 354304K, used 190999K [0x0000000080000000, 0x0000000100000000)
  region size 1024K, 12 young (12288K), 12 survivors (12288K)
 Metaspace       used 114599K, committed 115392K, reserved 1179648K
  class space    used 16078K, committed 16448K, reserved 1048576K
GC Heap History (20 events):
Event: 10.691 GC heap after
{Heap after GC invocations=35 (full 0):
 garbage-first heap   total 177152K, used 85621K [0x0000000080000000, 0x0000000100000000)
  region size 1024K, 3 young (3072K), 3 survivors (3072K)
 Metaspace       used 88437K, committed 89088K, reserved 1179648K
  class space    used 12089K, committed 12416K, reserved 1048576K
}
Event: 11.259 GC heap before
{Heap before GC invocations=35 (full 0):
 garbage-first heap   total 177152K, used 141941K [0x0000000080000000, 0x0000000100000000)
  region size 1024K, 58 young (59392K), 3 survivors (3072K)
 Metaspace       used 92764K, committed 93504K, reserved 1179648K
  class space    used 12732K, committed 13056K, reserved 1048576K
}
Event: 11.264 GC heap after
{Heap after GC invocations=36 (full 0):
 garbage-first heap   total 177152K, used 88061K [0x0000000080000000, 0x0000000100000000)
  region size 1024K, 5 young (5120K), 5 survivors (5120K)
 Metaspace       used 92764K, committed 93504K, reserved 1179648K
  class space    used 12732K, committed 13056K, reserved 1048576K
}
Event: 11.762 GC heap before
{Heap before GC invocations=36 (full 0):
 garbage-first heap   total 177152K, used 143357K [0x0000000080000000, 0x0000000100000000)
  region size 1024K, 59 young (60416K), 5 survivors (5120K)
 Metaspace       used 96849K, committed 97664K, reserved 1179648K
  class space    used 13372K, committed 13760K, reserved 1048576K
}
Event: 11.768 GC heap after
{Heap after GC invocations=37 (full 0):
 garbage-first heap   total 177152K, used 90717K [0x0000000080000000, 0x0000000100000000)
  region size 1024K, 6 young (6144K), 6 survivors (6144K)
 Metaspace       used 96849K, committed 97664K, reserved 1179648K
  class space    used 13372K, committed 13760K, reserved 1048576K
}
Event: 12.244 GC heap before
{Heap before GC invocations=37 (full 0):
 garbage-first heap   total 177152K, used 143965K [0x0000000080000000, 0x0000000100000000)
  region size 1024K, 59 young (60416K), 6 survivors (6144K)
 Metaspace       used 101094K, committed 101824K, reserved 1179648K
  class space    used 13879K, committed 14208K, reserved 1048576K
}
Event: 12.252 GC heap after
{Heap after GC invocations=38 (full 0):
 garbage-first heap   total 177152K, used 95576K [0x0000000080000000, 0x0000000100000000)
  region size 1024K, 8 young (8192K), 8 survivors (8192K)
 Metaspace       used 101094K, committed 101824K, reserved 1179648K
  class space    used 13879K, committed 14208K, reserved 1048576K
}
Event: 12.736 GC heap before
{Heap before GC invocations=38 (full 0):
 garbage-first heap   total 177152K, used 149848K [0x0000000080000000, 0x0000000100000000)
  region size 1024K, 57 young (58368K), 8 survivors (8192K)
 Metaspace       used 104645K, committed 105472K, reserved 1179648K
  class space    used 14454K, committed 14848K, reserved 1048576K
}
Event: 12.746 GC heap after
{Heap after GC invocations=39 (full 0):
 garbage-first heap   total 177152K, used 101931K [0x0000000080000000, 0x0000000100000000)
  region size 1024K, 8 young (8192K), 8 survivors (8192K)
 Metaspace       used 104645K, committed 105472K, reserved 1179648K
  class space    used 14454K, committed 14848K, reserved 1048576K
}
Event: 13.014 GC heap before
{Heap before GC invocations=39 (full 0):
 garbage-first heap   total 177152K, used 143915K [0x0000000080000000, 0x0000000100000000)
  region size 1024K, 50 young (51200K), 8 survivors (8192K)
 Metaspace       used 105183K, committed 105984K, reserved 1179648K
  class space    used 14496K, committed 14848K, reserved 1048576K
}
Event: 13.024 GC heap after
{Heap after GC invocations=40 (full 0):
 garbage-first heap   total 354304K, used 106046K [0x0000000080000000, 0x0000000100000000)
  region size 1024K, 5 young (5120K), 5 survivors (5120K)
 Metaspace       used 105183K, committed 105984K, reserved 1179648K
  class space    used 14496K, committed 14848K, reserved 1048576K
}
Event: 13.495 GC heap before
{Heap before GC invocations=40 (full 0):
 garbage-first heap   total 354304K, used 263742K [0x0000000080000000, 0x0000000100000000)
  region size 1024K, 160 young (163840K), 5 survivors (5120K)
 Metaspace       used 108036K, committed 108864K, reserved 1179648K
  class space    used 14898K, committed 15296K, reserved 1048576K
}
Event: 13.508 GC heap after
{Heap after GC invocations=41 (full 0):
 garbage-first heap   total 354304K, used 130048K [0x0000000080000000, 0x0000000100000000)
  region size 1024K, 20 young (20480K), 20 survivors (20480K)
 Metaspace       used 108036K, committed 108864K, reserved 1179648K
  class space    used 14898K, committed 15296K, reserved 1048576K
}
Event: 13.824 GC heap before
{Heap before GC invocations=41 (full 0):
 garbage-first heap   total 354304K, used 245760K [0x0000000080000000, 0x0000000100000000)
  region size 1024K, 135 young (138240K), 20 survivors (20480K)
 Metaspace       used 110551K, committed 111360K, reserved 1179648K
  class space    used 15318K, committed 15680K, reserved 1048576K
}
Event: 13.837 GC heap after
{Heap after GC invocations=42 (full 0):
 garbage-first heap   total 354304K, used 152904K [0x0000000080000000, 0x0000000100000000)
  region size 1024K, 18 young (18432K), 18 survivors (18432K)
 Metaspace       used 110551K, committed 111360K, reserved 1179648K
  class space    used 15318K, committed 15680K, reserved 1048576K
}
Event: 14.137 GC heap before
{Heap before GC invocations=43 (full 0):
 garbage-first heap   total 354304K, used 259400K [0x0000000080000000, 0x0000000100000000)
  region size 1024K, 123 young (125952K), 18 survivors (18432K)
 Metaspace       used 112897K, committed 113728K, reserved 1179648K
  class space    used 15731K, committed 16128K, reserved 1048576K
}
Event: 14.154 GC heap after
{Heap after GC invocations=44 (full 0):
 garbage-first heap   total 354304K, used 171834K [0x0000000080000000, 0x0000000100000000)
  region size 1024K, 16 young (16384K), 16 survivors (16384K)
 Metaspace       used 112897K, committed 113728K, reserved 1179648K
  class space    used 15731K, committed 16128K, reserved 1048576K
}
Event: 14.156 GC heap before
{Heap before GC invocations=44 (full 0):
 garbage-first heap   total 354304K, used 172858K [0x0000000080000000, 0x0000000100000000)
  region size 1024K, 17 young (17408K), 16 survivors (16384K)
 Metaspace       used 112900K, committed 113728K, reserved 1179648K
  class space    used 15732K, committed 16128K, reserved 1048576K
}
Event: 14.164 GC heap after
{Heap after GC invocations=45 (full 0):
 garbage-first heap   total 354304K, used 175086K [0x0000000080000000, 0x0000000100000000)
  region size 1024K, 3 young (3072K), 3 survivors (3072K)
 Metaspace       used 112900K, committed 113728K, reserved 1179648K
  class space    used 15732K, committed 16128K, reserved 1048576K
}
Event: 14.360 GC heap before
{Heap before GC invocations=45 (full 0):
 garbage-first heap   total 354304K, used 269294K [0x0000000080000000, 0x0000000100000000)
  region size 1024K, 96 young (98304K), 3 survivors (3072K)
 Metaspace       used 114599K, committed 115392K, reserved 1179648K
  class space    used 16078K, committed 16448K, reserved 1048576K
}

