# JRE version: OpenJDK Runtime Environment (17.0.9) (build 17.0.9+0--11185874)
# Java VM: OpenJDK 64-Bit Server VM (17.0.9+0--11185874, mixed mode, tiered, compressed oops, compressed class ptrs, g1 gc, windows-amd64)
GC Precious Log:
 CPUs: 16 total, 16 available
 Memory: 8027M
 Large Page Support: Disabled
 NUMA Support: Disabled
 Compressed Oops: Enabled (32-bit)
 Heap Region Size: 1M
 Heap Min Capacity: 8M
 Heap Initial Capacity: 126M
 Heap Max Capacity: 2G
 Pre-touch: Disabled
 Parallel Workers: 13
 Concurrent Workers: 3
 Concurrent Refinement Workers: 13
 Periodic GC: Disabled
Heap:
 garbage-first heap   total 184320K, used 119327K [0x0000000080000000, 0x0000000100000000)
  region size 1024K, 3 young (3072K), 3 survivors (3072K)
 Metaspace       used 89333K, committed 89984K, reserved 1179648K
  class space    used 12117K, committed 12416K, reserved 1048576K
GC Heap History (20 events):
Event: 8.829 GC heap after
{Heap after GC invocations=33 (full 0):
 garbage-first heap   total 121856K, used 65477K [0x0000000080000000, 0x0000000100000000)
  region size 1024K, 3 young (3072K), 3 survivors (3072K)
 Metaspace       used 78269K, committed 78912K, reserved 1179648K
  class space    used 11006K, committed 11264K, reserved 1048576K
}
Event: 8.853 GC heap before
{Heap before GC invocations=33 (full 0):
 garbage-first heap   total 121856K, used 67525K [0x0000000080000000, 0x0000000100000000)
  region size 1024K, 6 young (6144K), 3 survivors (3072K)
 Metaspace       used 78715K, committed 79360K, reserved 1179648K
  class space    used 11057K, committed 11328K, reserved 1048576K
}
Event: 8.856 GC heap after
{Heap after GC invocations=34 (full 0):
 garbage-first heap   total 121856K, used 65606K [0x0000000080000000, 0x0000000100000000)
  region size 1024K, 3 young (3072K), 3 survivors (3072K)
 Metaspace       used 78715K, committed 79360K, reserved 1179648K
  class space    used 11057K, committed 11328K, reserved 1048576K
}
Event: 9.006 GC heap before
{Heap before GC invocations=35 (full 0):
 garbage-first heap   total 128000K, used 106566K [0x0000000080000000, 0x0000000100000000)
  region size 1024K, 37 young (37888K), 3 survivors (3072K)
 Metaspace       used 79033K, committed 79680K, reserved 1179648K
  class space    used 11065K, committed 11328K, reserved 1048576K
}
Event: 9.014 GC heap after
{Heap after GC invocations=36 (full 0):
 garbage-first heap   total 153600K, used 75206K [0x0000000080000000, 0x0000000100000000)
  region size 1024K, 5 young (5120K), 5 survivors (5120K)
 Metaspace       used 79033K, committed 79680K, reserved 1179648K
  class space    used 11065K, committed 11328K, reserved 1048576K
}
Event: 9.079 GC heap before
{Heap before GC invocations=37 (full 0):
 garbage-first heap   total 153600K, used 90566K [0x0000000080000000, 0x0000000100000000)
  region size 1024K, 19 young (19456K), 5 survivors (5120K)
 Metaspace       used 79034K, committed 79680K, reserved 1179648K
  class space    used 11065K, committed 11328K, reserved 1048576K
}
Event: 9.087 GC heap after
{Heap after GC invocations=38 (full 0):
 garbage-first heap   total 153600K, used 79914K [0x0000000080000000, 0x0000000100000000)
  region size 1024K, 6 young (6144K), 6 survivors (6144K)
 Metaspace       used 79034K, committed 79680K, reserved 1179648K
  class space    used 11065K, committed 11328K, reserved 1048576K
}
Event: 9.160 GC heap before
{Heap before GC invocations=39 (full 0):
 garbage-first heap   total 157696K, used 101418K [0x0000000080000000, 0x0000000100000000)
  region size 1024K, 25 young (25600K), 6 survivors (6144K)
 Metaspace       used 79035K, committed 79680K, reserved 1179648K
  class space    used 11065K, committed 11328K, reserved 1048576K
}
Event: 9.168 GC heap after
{Heap after GC invocations=40 (full 0):
 garbage-first heap   total 157696K, used 85666K [0x0000000080000000, 0x0000000100000000)
  region size 1024K, 6 young (6144K), 6 survivors (6144K)
 Metaspace       used 79035K, committed 79680K, reserved 1179648K
  class space    used 11065K, committed 11328K, reserved 1048576K
}
Event: 9.377 GC heap before
{Heap before GC invocations=41 (full 0):
 garbage-first heap   total 163840K, used 123554K [0x0000000080000000, 0x0000000100000000)
  region size 1024K, 39 young (39936K), 6 survivors (6144K)
 Metaspace       used 79281K, committed 79936K, reserved 1179648K
  class space    used 11092K, committed 11392K, reserved 1048576K
}
Event: 9.386 GC heap after
{Heap after GC invocations=42 (full 0):
 garbage-first heap   total 163840K, used 93635K [0x0000000080000000, 0x0000000100000000)
  region size 1024K, 5 young (5120K), 5 survivors (5120K)
 Metaspace       used 79281K, committed 79936K, reserved 1179648K
  class space    used 11092K, committed 11392K, reserved 1048576K
}
Event: 9.418 GC heap before
{Heap before GC invocations=42 (full 0):
 garbage-first heap   total 163840K, used 96707K [0x0000000080000000, 0x0000000100000000)
  region size 1024K, 8 young (8192K), 5 survivors (5120K)
 Metaspace       used 79499K, committed 80128K, reserved 1179648K
  class space    used 11117K, committed 11392K, reserved 1048576K
}
Event: 9.422 GC heap after
{Heap after GC invocations=43 (full 0):
 garbage-first heap   total 163840K, used 94906K [0x0000000080000000, 0x0000000100000000)
  region size 1024K, 1 young (1024K), 1 survivors (1024K)
 Metaspace       used 79499K, committed 80128K, reserved 1179648K
  class space    used 11117K, committed 11392K, reserved 1048576K
}
Event: 9.669 GC heap before
{Heap before GC invocations=43 (full 0):
 garbage-first heap   total 163840K, used 123578K [0x0000000080000000, 0x0000000100000000)
  region size 1024K, 30 young (30720K), 1 survivors (1024K)
 Metaspace       used 83280K, committed 83904K, reserved 1179648K
  class space    used 11566K, committed 11840K, reserved 1048576K
}
Event: 9.671 GC heap after
{Heap after GC invocations=44 (full 0):
 garbage-first heap   total 163840K, used 95663K [0x0000000080000000, 0x0000000100000000)
  region size 1024K, 2 young (2048K), 2 survivors (2048K)
 Metaspace       used 83280K, committed 83904K, reserved 1179648K
  class space    used 11566K, committed 11840K, reserved 1048576K
}
Event: 9.942 GC heap before
{Heap before GC invocations=45 (full 0):
 garbage-first heap   total 184320K, used 144815K [0x0000000080000000, 0x0000000100000000)
  region size 1024K, 34 young (34816K), 2 survivors (2048K)
 Metaspace       used 85029K, committed 85632K, reserved 1179648K
  class space    used 11746K, committed 12032K, reserved 1048576K
}
Event: 9.947 GC heap after
{Heap after GC invocations=46 (full 0):
 garbage-first heap   total 184320K, used 117964K [0x0000000080000000, 0x0000000100000000)
  region size 1024K, 5 young (5120K), 5 survivors (5120K)
 Metaspace       used 85029K, committed 85632K, reserved 1179648K
  class space    used 11746K, committed 12032K, reserved 1048576K
}
Event: 9.983 GC heap before
{Heap before GC invocations=46 (full 0):
 garbage-first heap   total 184320K, used 121036K [0x0000000080000000, 0x0000000100000000)
  region size 1024K, 9 young (9216K), 5 survivors (5120K)
 Metaspace       used 85573K, committed 86208K, reserved 1179648K
  class space    used 11800K, committed 12096K, reserved 1048576K
}
Event: 9.988 GC heap after
{Heap after GC invocations=47 (full 0):
 garbage-first heap   total 184320K, used 117641K [0x0000000080000000, 0x0000000100000000)
  region size 1024K, 1 young (1024K), 1 survivors (1024K)
 Metaspace       used 85573K, committed 86208K, reserved 1179648K
  class space    used 11800K, committed 12096K, reserved 1048576K
}
Event: 10.315 GC heap before
{Heap before GC invocations=47 (full 0):
 garbage-first heap   total 184320K, used 148361K [0x0000000080000000, 0x0000000100000000)
  region size 1024K, 31 young (31744K), 1 survivors (1024K)
 Metaspace       used 89333K, committed 89984K, reserved 1179648K
  class space    used 12117K, committed 12416K, reserved 1048576K
}

