# JRE version: OpenJDK Runtime Environment (17.0.9) (build 17.0.9+0--11185874)
# Java VM: OpenJDK 64-Bit Server VM (17.0.9+0--11185874, mixed mode, tiered, compressed oops, compressed class ptrs, g1 gc, windows-amd64)
GC Precious Log:
 CPUs: 16 total, 16 available
 Memory: 8027M
 Large Page Support: Disabled
 NUMA Support: Disabled
 Compressed Oops: Enabled (32-bit)
 Heap Region Size: 1M
 Heap Min Capacity: 8M
 Heap Initial Capacity: 126M
 Heap Max Capacity: 2G
 Pre-touch: Disabled
 Parallel Workers: 13
 Concurrent Workers: 3
 Concurrent Refinement Workers: 13
 Periodic GC: Disabled
Heap:
 garbage-first heap   total 162816K, used 98148K [0x0000000080000000, 0x0000000100000000)
  region size 1024K, 3 young (3072K), 3 survivors (3072K)
 Metaspace       used 78668K, committed 79360K, reserved 1179648K
  class space    used 10537K, committed 10880K, reserved 1048576K
GC Heap History (20 events):
Event: 5.396 GC heap after
{Heap after GC invocations=20 (full 0):
 garbage-first heap   total 109568K, used 55345K [0x0000000080000000, 0x0000000100000000)
  region size 1024K, 3 young (3072K), 3 survivors (3072K)
 Metaspace       used 52092K, committed 52608K, reserved 1114112K
  class space    used 6845K, committed 7040K, reserved 1048576K
}
Event: 5.843 GC heap before
{Heap before GC invocations=20 (full 0):
 garbage-first heap   total 109568K, used 84017K [0x0000000080000000, 0x0000000100000000)
  region size 1024K, 32 young (32768K), 3 survivors (3072K)
 Metaspace       used 55678K, committed 56320K, reserved 1114112K
  class space    used 7460K, committed 7744K, reserved 1048576K
}
Event: 5.848 GC heap after
{Heap after GC invocations=21 (full 0):
 garbage-first heap   total 109568K, used 56702K [0x0000000080000000, 0x0000000100000000)
  region size 1024K, 4 young (4096K), 4 survivors (4096K)
 Metaspace       used 55678K, committed 56320K, reserved 1114112K
  class space    used 7460K, committed 7744K, reserved 1048576K
}
Event: 6.371 GC heap before
{Heap before GC invocations=22 (full 0):
 garbage-first heap   total 109568K, used 86398K [0x0000000080000000, 0x0000000100000000)
  region size 1024K, 33 young (33792K), 4 survivors (4096K)
 Metaspace       used 58712K, committed 59264K, reserved 1114112K
  class space    used 7983K, committed 8256K, reserved 1048576K
}
Event: 6.376 GC heap after
{Heap after GC invocations=23 (full 0):
 garbage-first heap   total 162816K, used 59076K [0x0000000080000000, 0x0000000100000000)
  region size 1024K, 4 young (4096K), 4 survivors (4096K)
 Metaspace       used 58712K, committed 59264K, reserved 1114112K
  class space    used 7983K, committed 8256K, reserved 1048576K
}
Event: 7.454 GC heap before
{Heap before GC invocations=23 (full 0):
 garbage-first heap   total 162816K, used 136900K [0x0000000080000000, 0x0000000100000000)
  region size 1024K, 68 young (69632K), 4 survivors (4096K)
 Metaspace       used 62049K, committed 62656K, reserved 1114112K
  class space    used 8431K, committed 8704K, reserved 1048576K
}
Event: 7.463 GC heap after
{Heap after GC invocations=24 (full 0):
 garbage-first heap   total 162816K, used 82773K [0x0000000080000000, 0x0000000100000000)
  region size 1024K, 9 young (9216K), 9 survivors (9216K)
 Metaspace       used 62049K, committed 62656K, reserved 1114112K
  class space    used 8431K, committed 8704K, reserved 1048576K
}
Event: 7.544 GC heap before
{Heap before GC invocations=24 (full 0):
 garbage-first heap   total 162816K, used 89941K [0x0000000080000000, 0x0000000100000000)
  region size 1024K, 18 young (18432K), 9 survivors (9216K)
 Metaspace       used 62636K, committed 63296K, reserved 1114112K
  class space    used 8487K, committed 8768K, reserved 1048576K
}
Event: 7.550 GC heap after
{Heap after GC invocations=25 (full 0):
 garbage-first heap   total 162816K, used 84264K [0x0000000080000000, 0x0000000100000000)
  region size 1024K, 2 young (2048K), 2 survivors (2048K)
 Metaspace       used 62636K, committed 63296K, reserved 1114112K
  class space    used 8487K, committed 8768K, reserved 1048576K
}
Event: 8.041 GC heap before
{Heap before GC invocations=26 (full 0):
 garbage-first heap   total 162816K, used 129320K [0x0000000080000000, 0x0000000100000000)
  region size 1024K, 45 young (46080K), 2 survivors (2048K)
 Metaspace       used 66473K, committed 67136K, reserved 1114112K
  class space    used 8959K, committed 9280K, reserved 1048576K
}
Event: 8.047 GC heap after
{Heap after GC invocations=27 (full 0):
 garbage-first heap   total 162816K, used 85910K [0x0000000080000000, 0x0000000100000000)
  region size 1024K, 2 young (2048K), 2 survivors (2048K)
 Metaspace       used 66473K, committed 67136K, reserved 1114112K
  class space    used 8959K, committed 9280K, reserved 1048576K
}
Event: 8.092 GC heap before
{Heap before GC invocations=27 (full 0):
 garbage-first heap   total 162816K, used 90006K [0x0000000080000000, 0x0000000100000000)
  region size 1024K, 7 young (7168K), 2 survivors (2048K)
 Metaspace       used 67219K, committed 67968K, reserved 1114112K
  class space    used 9048K, committed 9408K, reserved 1048576K
}
Event: 8.094 GC heap after
{Heap after GC invocations=28 (full 0):
 garbage-first heap   total 162816K, used 85652K [0x0000000080000000, 0x0000000100000000)
  region size 1024K, 1 young (1024K), 1 survivors (1024K)
 Metaspace       used 67219K, committed 67968K, reserved 1114112K
  class space    used 9048K, committed 9408K, reserved 1048576K
}
Event: 8.631 GC heap before
{Heap before GC invocations=28 (full 0):
 garbage-first heap   total 162816K, used 131732K [0x0000000080000000, 0x0000000100000000)
  region size 1024K, 46 young (47104K), 1 survivors (1024K)
 Metaspace       used 72228K, committed 72896K, reserved 1114112K
  class space    used 9670K, committed 9984K, reserved 1048576K
}
Event: 8.633 GC heap after
{Heap after GC invocations=29 (full 0):
 garbage-first heap   total 162816K, used 87811K [0x0000000080000000, 0x0000000100000000)
  region size 1024K, 3 young (3072K), 3 survivors (3072K)
 Metaspace       used 72228K, committed 72896K, reserved 1114112K
  class space    used 9670K, committed 9984K, reserved 1048576K
}
Event: 9.029 GC heap before
{Heap before GC invocations=30 (full 0):
 garbage-first heap   total 162816K, used 139011K [0x0000000080000000, 0x0000000100000000)
  region size 1024K, 47 young (48128K), 3 survivors (3072K)
 Metaspace       used 74845K, committed 75584K, reserved 1179648K
  class space    used 10034K, committed 10368K, reserved 1048576K
}
Event: 9.034 GC heap after
{Heap after GC invocations=31 (full 0):
 garbage-first heap   total 162816K, used 91955K [0x0000000080000000, 0x0000000100000000)
  region size 1024K, 6 young (6144K), 6 survivors (6144K)
 Metaspace       used 74845K, committed 75584K, reserved 1179648K
  class space    used 10034K, committed 10368K, reserved 1048576K
}
Event: 9.044 GC heap before
{Heap before GC invocations=31 (full 0):
 garbage-first heap   total 162816K, used 92979K [0x0000000080000000, 0x0000000100000000)
  region size 1024K, 7 young (7168K), 6 survivors (6144K)
 Metaspace       used 74909K, committed 75648K, reserved 1179648K
  class space    used 10041K, committed 10368K, reserved 1048576K
}
Event: 9.048 GC heap after
{Heap after GC invocations=32 (full 0):
 garbage-first heap   total 162816K, used 92190K [0x0000000080000000, 0x0000000100000000)
  region size 1024K, 1 young (1024K), 1 survivors (1024K)
 Metaspace       used 74909K, committed 75648K, reserved 1179648K
  class space    used 10041K, committed 10368K, reserved 1048576K
}
Event: 9.538 GC heap before
{Heap before GC invocations=32 (full 0):
 garbage-first heap   total 162816K, used 137246K [0x0000000080000000, 0x0000000100000000)
  region size 1024K, 41 young (41984K), 1 survivors (1024K)
 Metaspace       used 78668K, committed 79360K, reserved 1179648K
  class space    used 10537K, committed 10880K, reserved 1048576K
}

