# JRE version: OpenJDK Runtime Environment (17.0.9) (build 17.0.9+0--11185874)
# Java VM: OpenJDK 64-Bit Server VM (17.0.9+0--11185874, mixed mode, tiered, compressed oops, compressed class ptrs, g1 gc, windows-amd64)
GC Precious Log:
 CPUs: 16 total, 16 available
 Memory: 8027M
 Large Page Support: Disabled
 NUMA Support: Disabled
 Compressed Oops: Enabled (32-bit)
 Heap Region Size: 1M
 Heap Min Capacity: 8M
 Heap Initial Capacity: 126M
 Heap Max Capacity: 2G
 Pre-touch: Disabled
 Parallel Workers: 13
 Concurrent Workers: 3
 Concurrent Refinement Workers: 13
 Periodic GC: Disabled
Heap:
 garbage-first heap   total 297984K, used 130848K [0x0000000080000000, 0x0000000100000000)
  region size 1024K, 9 young (9216K), 2 survivors (2048K)
 Metaspace       used 99326K, committed 99968K, reserved 1179648K
  class space    used 13350K, committed 13632K, reserved 1048576K
GC Heap History (20 events):
Event: 8.354 GC heap before
{Heap before GC invocations=30 (full 0):
 garbage-first heap   total 119808K, used 97347K [0x0000000080000000, 0x0000000100000000)
  region size 1024K, 35 young (35840K), 2 survivors (2048K)
 Metaspace       used 70281K, committed 70976K, reserved 1114112K
  class space    used 9987K, committed 10304K, reserved 1048576K
}
Event: 8.357 GC heap after
{Heap after GC invocations=31 (full 0):
 garbage-first heap   total 119808K, used 64257K [0x0000000080000000, 0x0000000100000000)
  region size 1024K, 2 young (2048K), 2 survivors (2048K)
 Metaspace       used 70281K, committed 70976K, reserved 1114112K
  class space    used 9987K, committed 10304K, reserved 1048576K
}
Event: 8.680 GC heap before
{Heap before GC invocations=31 (full 0):
 garbage-first heap   total 119808K, used 99073K [0x0000000080000000, 0x0000000100000000)
  region size 1024K, 36 young (36864K), 2 survivors (2048K)
 Metaspace       used 75234K, committed 75904K, reserved 1114112K
  class space    used 10613K, committed 10944K, reserved 1048576K
}
Event: 8.684 GC heap after
{Heap after GC invocations=32 (full 0):
 garbage-first heap   total 197632K, used 65098K [0x0000000080000000, 0x0000000100000000)
  region size 1024K, 3 young (3072K), 3 survivors (3072K)
 Metaspace       used 75234K, committed 75904K, reserved 1114112K
  class space    used 10613K, committed 10944K, reserved 1048576K
}
Event: 9.246 GC heap before
{Heap before GC invocations=33 (full 0):
 garbage-first heap   total 197632K, used 177738K [0x0000000080000000, 0x0000000100000000)
  region size 1024K, 97 young (99328K), 3 survivors (3072K)
 Metaspace       used 78390K, committed 79104K, reserved 1179648K
  class space    used 10994K, committed 11328K, reserved 1048576K
}
Event: 9.269 GC heap after
{Heap after GC invocations=34 (full 0):
 garbage-first heap   total 203776K, used 91499K [0x0000000080000000, 0x0000000100000000)
  region size 1024K, 13 young (13312K), 13 survivors (13312K)
 Metaspace       used 78390K, committed 79104K, reserved 1179648K
  class space    used 10994K, committed 11328K, reserved 1048576K
}
Event: 9.719 GC heap before
{Heap before GC invocations=34 (full 0):
 garbage-first heap   total 203776K, used 157035K [0x0000000080000000, 0x0000000100000000)
  region size 1024K, 69 young (70656K), 13 survivors (13312K)
 Metaspace       used 82870K, committed 83584K, reserved 1179648K
  class space    used 11507K, committed 11840K, reserved 1048576K
}
Event: 9.734 GC heap after
{Heap after GC invocations=35 (full 0):
 garbage-first heap   total 203776K, used 104992K [0x0000000080000000, 0x0000000100000000)
  region size 1024K, 9 young (9216K), 9 survivors (9216K)
 Metaspace       used 82870K, committed 83584K, reserved 1179648K
  class space    used 11507K, committed 11840K, reserved 1048576K
}
Event: 9.745 GC heap before
{Heap before GC invocations=35 (full 0):
 garbage-first heap   total 203776K, used 106016K [0x0000000080000000, 0x0000000100000000)
  region size 1024K, 11 young (11264K), 9 survivors (9216K)
 Metaspace       used 82896K, committed 83584K, reserved 1179648K
  class space    used 11507K, committed 11840K, reserved 1048576K
}
Event: 9.749 GC heap after
{Heap after GC invocations=36 (full 0):
 garbage-first heap   total 203776K, used 107145K [0x0000000080000000, 0x0000000100000000)
  region size 1024K, 2 young (2048K), 2 survivors (2048K)
 Metaspace       used 82896K, committed 83584K, reserved 1179648K
  class space    used 11507K, committed 11840K, reserved 1048576K
}
Event: 10.107 GC heap before
{Heap before GC invocations=37 (full 0):
 garbage-first heap   total 203776K, used 157321K [0x0000000080000000, 0x0000000100000000)
  region size 1024K, 44 young (45056K), 2 survivors (2048K)
 Metaspace       used 86016K, committed 86720K, reserved 1179648K
  class space    used 11842K, committed 12160K, reserved 1048576K
}
Event: 10.112 GC heap after
{Heap after GC invocations=38 (full 0):
 garbage-first heap   total 203776K, used 118784K [0x0000000080000000, 0x0000000100000000)
  region size 1024K, 6 young (6144K), 6 survivors (6144K)
 Metaspace       used 86016K, committed 86720K, reserved 1179648K
  class space    used 11842K, committed 12160K, reserved 1048576K
}
Event: 10.133 GC heap before
{Heap before GC invocations=38 (full 0):
 garbage-first heap   total 203776K, used 120832K [0x0000000080000000, 0x0000000100000000)
  region size 1024K, 9 young (9216K), 6 survivors (6144K)
 Metaspace       used 86438K, committed 87104K, reserved 1179648K
  class space    used 11876K, committed 12160K, reserved 1048576K
}
Event: 10.135 GC heap after
{Heap after GC invocations=39 (full 0):
 garbage-first heap   total 203776K, used 118982K [0x0000000080000000, 0x0000000100000000)
  region size 1024K, 1 young (1024K), 1 survivors (1024K)
 Metaspace       used 86438K, committed 87104K, reserved 1179648K
  class space    used 11876K, committed 12160K, reserved 1048576K
}
Event: 10.546 GC heap before
{Heap before GC invocations=39 (full 0):
 garbage-first heap   total 203776K, used 157894K [0x0000000080000000, 0x0000000100000000)
  region size 1024K, 39 young (39936K), 1 survivors (1024K)
 Metaspace       used 91218K, committed 91904K, reserved 1179648K
  class space    used 12356K, committed 12672K, reserved 1048576K
}
Event: 10.551 GC heap after
{Heap after GC invocations=40 (full 0):
 garbage-first heap   total 297984K, used 120010K [0x0000000080000000, 0x0000000100000000)
  region size 1024K, 2 young (2048K), 2 survivors (2048K)
 Metaspace       used 91218K, committed 91904K, reserved 1179648K
  class space    used 12356K, committed 12672K, reserved 1048576K
}
Event: 11.373 GC heap before
{Heap before GC invocations=41 (full 0):
 garbage-first heap   total 297984K, used 208074K [0x0000000080000000, 0x0000000100000000)
  region size 1024K, 87 young (89088K), 2 survivors (2048K)
 Metaspace       used 99260K, committed 99904K, reserved 1179648K
  class space    used 13350K, committed 13632K, reserved 1048576K
}
Event: 11.381 GC heap after
{Heap after GC invocations=42 (full 0):
 garbage-first heap   total 297984K, used 124593K [0x0000000080000000, 0x0000000100000000)
  region size 1024K, 7 young (7168K), 7 survivors (7168K)
 Metaspace       used 99260K, committed 99904K, reserved 1179648K
  class space    used 13350K, committed 13632K, reserved 1048576K
}
Event: 11.401 GC heap before
{Heap before GC invocations=42 (full 0):
 garbage-first heap   total 297984K, used 130737K [0x0000000080000000, 0x0000000100000000)
  region size 1024K, 14 young (14336K), 7 survivors (7168K)
 Metaspace       used 99270K, committed 99904K, reserved 1179648K
  class space    used 13350K, committed 13632K, reserved 1048576K
}
Event: 11.405 GC heap after
{Heap after GC invocations=43 (full 0):
 garbage-first heap   total 297984K, used 124704K [0x0000000080000000, 0x0000000100000000)
  region size 1024K, 2 young (2048K), 2 survivors (2048K)
 Metaspace       used 99270K, committed 99904K, reserved 1179648K
  class space    used 13350K, committed 13632K, reserved 1048576K
}

