# JRE version: OpenJDK Runtime Environment (17.0.9) (build 17.0.9+0--11185874)
# Java VM: OpenJDK 64-Bit Server VM (17.0.9+0--11185874, mixed mode, tiered, compressed oops, compressed class ptrs, g1 gc, windows-amd64)
GC Precious Log:
 CPUs: 16 total, 16 available
 Memory: 8027M
 Large Page Support: Disabled
 NUMA Support: Disabled
 Compressed Oops: Enabled (32-bit)
 Heap Region Size: 1M
 Heap Min Capacity: 8M
 Heap Initial Capacity: 126M
 Heap Max Capacity: 2G
 Pre-touch: Disabled
 Parallel Workers: 13
 Concurrent Workers: 3
 Concurrent Refinement Workers: 13
 Periodic GC: Disabled
Heap:
 garbage-first heap   total 311296K, used 201621K [0x0000000080000000, 0x0000000100000000)
  region size 1024K, 9 young (9216K), 9 survivors (9216K)
 Metaspace       used 114687K, committed 115520K, reserved 1179648K
  class space    used 16109K, committed 16512K, reserved 1048576K
GC Heap History (20 events):
Event: 10.098 GC heap after
{Heap after GC invocations=35 (full 0):
 garbage-first heap   total 187392K, used 90342K [0x0000000080000000, 0x0000000100000000)
  region size 1024K, 1 young (1024K), 1 survivors (1024K)
 Metaspace       used 94519K, committed 95232K, reserved 1179648K
  class space    used 13022K, committed 13376K, reserved 1048576K
}
Event: 10.701 GC heap before
{Heap before GC invocations=35 (full 0):
 garbage-first heap   total 187392K, used 152806K [0x0000000080000000, 0x0000000100000000)
  region size 1024K, 62 young (63488K), 1 survivors (1024K)
 Metaspace       used 99659K, committed 100352K, reserved 1179648K
  class space    used 13737K, committed 14080K, reserved 1048576K
}
Event: 10.705 GC heap after
{Heap after GC invocations=36 (full 0):
 garbage-first heap   total 187392K, used 93095K [0x0000000080000000, 0x0000000100000000)
  region size 1024K, 4 young (4096K), 4 survivors (4096K)
 Metaspace       used 99659K, committed 100352K, reserved 1179648K
  class space    used 13737K, committed 14080K, reserved 1048576K
}
Event: 11.206 GC heap before
{Heap before GC invocations=36 (full 0):
 garbage-first heap   total 187392K, used 158631K [0x0000000080000000, 0x0000000100000000)
  region size 1024K, 64 young (65536K), 4 survivors (4096K)
 Metaspace       used 104140K, committed 104960K, reserved 1179648K
  class space    used 14348K, committed 14720K, reserved 1048576K
}
Event: 11.215 GC heap after
{Heap after GC invocations=37 (full 0):
 garbage-first heap   total 187392K, used 100153K [0x0000000080000000, 0x0000000100000000)
  region size 1024K, 8 young (8192K), 8 survivors (8192K)
 Metaspace       used 104140K, committed 104960K, reserved 1179648K
  class space    used 14348K, committed 14720K, reserved 1048576K
}
Event: 11.471 GC heap before
{Heap before GC invocations=37 (full 0):
 garbage-first heap   total 187392K, used 152377K [0x0000000080000000, 0x0000000100000000)
  region size 1024K, 60 young (61440K), 8 survivors (8192K)
 Metaspace       used 105085K, committed 105792K, reserved 1179648K
  class space    used 14515K, committed 14848K, reserved 1048576K
}
Event: 11.480 GC heap after
{Heap after GC invocations=38 (full 0):
 garbage-first heap   total 187392K, used 105538K [0x0000000080000000, 0x0000000100000000)
  region size 1024K, 6 young (6144K), 6 survivors (6144K)
 Metaspace       used 105085K, committed 105792K, reserved 1179648K
  class space    used 14515K, committed 14848K, reserved 1048576K
}
Event: 11.742 GC heap before
{Heap before GC invocations=38 (full 0):
 garbage-first heap   total 187392K, used 152642K [0x0000000080000000, 0x0000000100000000)
  region size 1024K, 53 young (54272K), 6 survivors (6144K)
 Metaspace       used 106844K, committed 107584K, reserved 1179648K
  class space    used 14716K, committed 15104K, reserved 1048576K
}
Event: 11.749 GC heap after
{Heap after GC invocations=39 (full 0):
 garbage-first heap   total 187392K, used 109888K [0x0000000080000000, 0x0000000100000000)
  region size 1024K, 6 young (6144K), 6 survivors (6144K)
 Metaspace       used 106844K, committed 107584K, reserved 1179648K
  class space    used 14716K, committed 15104K, reserved 1048576K
}
Event: 11.896 GC heap before
{Heap before GC invocations=39 (full 0):
 garbage-first heap   total 187392K, used 152896K [0x0000000080000000, 0x0000000100000000)
  region size 1024K, 49 young (50176K), 6 survivors (6144K)
 Metaspace       used 107814K, committed 108608K, reserved 1179648K
  class space    used 14889K, committed 15296K, reserved 1048576K
}
Event: 11.902 GC heap after
{Heap after GC invocations=40 (full 0):
 garbage-first heap   total 311296K, used 116940K [0x0000000080000000, 0x0000000100000000)
  region size 1024K, 7 young (7168K), 7 survivors (7168K)
 Metaspace       used 107814K, committed 108608K, reserved 1179648K
  class space    used 14889K, committed 15296K, reserved 1048576K
}
Event: 12.039 GC heap before
{Heap before GC invocations=40 (full 0):
 garbage-first heap   total 311296K, used 244940K [0x0000000080000000, 0x0000000100000000)
  region size 1024K, 133 young (136192K), 7 survivors (7168K)
 Metaspace       used 108387K, committed 109184K, reserved 1179648K
  class space    used 14957K, committed 15360K, reserved 1048576K
}
Event: 12.049 GC heap after
{Heap after GC invocations=41 (full 0):
 garbage-first heap   total 311296K, used 142218K [0x0000000080000000, 0x0000000100000000)
  region size 1024K, 17 young (17408K), 17 survivors (17408K)
 Metaspace       used 108387K, committed 109184K, reserved 1179648K
  class space    used 14957K, committed 15360K, reserved 1048576K
}
Event: 12.534 GC heap before
{Heap before GC invocations=41 (full 0):
 garbage-first heap   total 311296K, used 231306K [0x0000000080000000, 0x0000000100000000)
  region size 1024K, 105 young (107520K), 17 survivors (17408K)
 Metaspace       used 112705K, committed 113536K, reserved 1179648K
  class space    used 15721K, committed 16128K, reserved 1048576K
}
Event: 12.545 GC heap after
{Heap after GC invocations=42 (full 0):
 garbage-first heap   total 311296K, used 157285K [0x0000000080000000, 0x0000000100000000)
  region size 1024K, 14 young (14336K), 14 survivors (14336K)
 Metaspace       used 112705K, committed 113536K, reserved 1179648K
  class space    used 15721K, committed 16128K, reserved 1048576K
}
Event: 12.646 GC heap before
{Heap before GC invocations=42 (full 0):
 garbage-first heap   total 311296K, used 239205K [0x0000000080000000, 0x0000000100000000)
  region size 1024K, 95 young (97280K), 14 survivors (14336K)
 Metaspace       used 113255K, committed 114112K, reserved 1179648K
  class space    used 15792K, committed 16192K, reserved 1048576K
}
Event: 12.663 GC heap after
{Heap after GC invocations=43 (full 0):
 garbage-first heap   total 311296K, used 173920K [0x0000000080000000, 0x0000000100000000)
  region size 1024K, 12 young (12288K), 12 survivors (12288K)
 Metaspace       used 113255K, committed 114112K, reserved 1179648K
  class space    used 15792K, committed 16192K, reserved 1048576K
}
Event: 12.758 GC heap before
{Heap before GC invocations=43 (full 0):
 garbage-first heap   total 311296K, used 245600K [0x0000000080000000, 0x0000000100000000)
  region size 1024K, 83 young (84992K), 12 survivors (12288K)
 Metaspace       used 114049K, committed 114816K, reserved 1179648K
  class space    used 15963K, committed 16320K, reserved 1048576K
}
Event: 12.775 GC heap after
{Heap after GC invocations=44 (full 0):
 garbage-first heap   total 311296K, used 189427K [0x0000000080000000, 0x0000000100000000)
  region size 1024K, 11 young (11264K), 11 survivors (11264K)
 Metaspace       used 114049K, committed 114816K, reserved 1179648K
  class space    used 15963K, committed 16320K, reserved 1048576K
}
Event: 12.842 GC heap before
{Heap before GC invocations=44 (full 0):
 garbage-first heap   total 311296K, used 250867K [0x0000000080000000, 0x0000000100000000)
  region size 1024K, 71 young (72704K), 11 survivors (11264K)
 Metaspace       used 114687K, committed 115520K, reserved 1179648K
  class space    used 16109K, committed 16512K, reserved 1048576K
}

