# JRE version: OpenJDK Runtime Environment (17.0.9) (build 17.0.9+0--11185874)
# Java VM: OpenJDK 64-Bit Server VM (17.0.9+0--11185874, mixed mode, tiered, compressed oops, compressed class ptrs, g1 gc, windows-amd64)
GC Precious Log:
 CPUs: 16 total, 16 available
 Memory: 8027M
 Large Page Support: Disabled
 NUMA Support: Disabled
 Compressed Oops: Enabled (32-bit)
 Heap Region Size: 1M
 Heap Min Capacity: 8M
 Heap Initial Capacity: 126M
 Heap Max Capacity: 2G
 Pre-touch: Disabled
 Parallel Workers: 13
 Concurrent Workers: 3
 Concurrent Refinement Workers: 13
 Periodic GC: Disabled
Heap:
 garbage-first heap   total 244736K, used 143271K [0x0000000080000000, 0x0000000100000000)
  region size 1024K, 8 young (8192K), 8 survivors (8192K)
 Metaspace       used 124169K, committed 124992K, reserved 1179648K
  class space    used 16176K, committed 16576K, reserved 1048576K
GC Heap History (20 events):
Event: 9.956 GC heap after
{Heap after GC invocations=37 (full 0):
 garbage-first heap   total 244736K, used 96450K [0x0000000080000000, 0x0000000100000000)
  region size 1024K, 13 young (13312K), 13 survivors (13312K)
 Metaspace       used 82643K, committed 83328K, reserved 1179648K
  class space    used 11496K, committed 11776K, reserved 1048576K
}
Event: 9.979 GC heap before
{Heap before GC invocations=37 (full 0):
 garbage-first heap   total 244736K, used 97474K [0x0000000080000000, 0x0000000100000000)
  region size 1024K, 14 young (14336K), 13 survivors (13312K)
 Metaspace       used 82733K, committed 83392K, reserved 1179648K
  class space    used 11501K, committed 11776K, reserved 1048576K
}
Event: 9.990 GC heap after
{Heap after GC invocations=38 (full 0):
 garbage-first heap   total 244736K, used 98369K [0x0000000080000000, 0x0000000100000000)
  region size 1024K, 2 young (2048K), 2 survivors (2048K)
 Metaspace       used 82733K, committed 83392K, reserved 1179648K
  class space    used 11501K, committed 11776K, reserved 1048576K
}
Event: 10.138 GC heap before
{Heap before GC invocations=38 (full 0):
 garbage-first heap   total 244736K, used 121921K [0x0000000080000000, 0x0000000100000000)
  region size 1024K, 14 young (14336K), 2 survivors (2048K)
 Metaspace       used 83482K, committed 84224K, reserved 1179648K
  class space    used 11582K, committed 11904K, reserved 1048576K
}
Event: 10.140 GC heap after
{Heap after GC invocations=39 (full 0):
 garbage-first heap   total 244736K, used 112329K [0x0000000080000000, 0x0000000100000000)
  region size 1024K, 4 young (4096K), 4 survivors (4096K)
 Metaspace       used 83482K, committed 84224K, reserved 1179648K
  class space    used 11582K, committed 11904K, reserved 1048576K
}
Event: 10.804 GC heap before
{Heap before GC invocations=39 (full 0):
 garbage-first heap   total 244736K, used 182985K [0x0000000080000000, 0x0000000100000000)
  region size 1024K, 69 young (70656K), 4 survivors (4096K)
 Metaspace       used 89762K, committed 90496K, reserved 1179648K
  class space    used 12168K, committed 12480K, reserved 1048576K
}
Event: 10.809 GC heap after
{Heap after GC invocations=40 (full 0):
 garbage-first heap   total 244736K, used 122280K [0x0000000080000000, 0x0000000100000000)
  region size 1024K, 9 young (9216K), 9 survivors (9216K)
 Metaspace       used 89762K, committed 90496K, reserved 1179648K
  class space    used 12168K, committed 12480K, reserved 1048576K
}
Event: 11.552 GC heap before
{Heap before GC invocations=40 (full 0):
 garbage-first heap   total 244736K, used 186792K [0x0000000080000000, 0x0000000100000000)
  region size 1024K, 72 young (73728K), 9 survivors (9216K)
 Metaspace       used 97636K, committed 98304K, reserved 1179648K
  class space    used 13108K, committed 13376K, reserved 1048576K
}
Event: 11.558 GC heap after
{Heap after GC invocations=41 (full 0):
 garbage-first heap   total 244736K, used 124488K [0x0000000080000000, 0x0000000100000000)
  region size 1024K, 3 young (3072K), 3 survivors (3072K)
 Metaspace       used 97636K, committed 98304K, reserved 1179648K
  class space    used 13108K, committed 13376K, reserved 1048576K
}
Event: 12.035 GC heap before
{Heap before GC invocations=42 (full 0):
 garbage-first heap   total 244736K, used 193096K [0x0000000080000000, 0x0000000100000000)
  region size 1024K, 69 young (70656K), 3 survivors (3072K)
 Metaspace       used 100584K, committed 101248K, reserved 1179648K
  class space    used 13502K, committed 13824K, reserved 1048576K
}
Event: 12.040 GC heap after
{Heap after GC invocations=43 (full 0):
 garbage-first heap   total 244736K, used 128571K [0x0000000080000000, 0x0000000100000000)
  region size 1024K, 7 young (7168K), 7 survivors (7168K)
 Metaspace       used 100584K, committed 101248K, reserved 1179648K
  class space    used 13502K, committed 13824K, reserved 1048576K
}
Event: 12.108 GC heap before
{Heap before GC invocations=43 (full 0):
 garbage-first heap   total 244736K, used 131643K [0x0000000080000000, 0x0000000100000000)
  region size 1024K, 11 young (11264K), 7 survivors (7168K)
 Metaspace       used 101016K, committed 101760K, reserved 1179648K
  class space    used 13543K, committed 13888K, reserved 1048576K
}
Event: 12.115 GC heap after
{Heap after GC invocations=44 (full 0):
 garbage-first heap   total 244736K, used 127936K [0x0000000080000000, 0x0000000100000000)
  region size 1024K, 1 young (1024K), 1 survivors (1024K)
 Metaspace       used 101016K, committed 101760K, reserved 1179648K
  class space    used 13543K, committed 13888K, reserved 1048576K
}
Event: 12.981 GC heap before
{Heap before GC invocations=44 (full 0):
 garbage-first heap   total 244736K, used 196544K [0x0000000080000000, 0x0000000100000000)
  region size 1024K, 68 young (69632K), 1 survivors (1024K)
 Metaspace       used 108648K, committed 109376K, reserved 1179648K
  class space    used 14438K, committed 14784K, reserved 1048576K
}
Event: 12.985 GC heap after
{Heap after GC invocations=45 (full 0):
 garbage-first heap   total 244736K, used 131078K [0x0000000080000000, 0x0000000100000000)
  region size 1024K, 5 young (5120K), 5 survivors (5120K)
 Metaspace       used 108648K, committed 109376K, reserved 1179648K
  class space    used 14438K, committed 14784K, reserved 1048576K
}
Event: 13.798 GC heap before
{Heap before GC invocations=46 (full 0):
 garbage-first heap   total 244736K, used 198662K [0x0000000080000000, 0x0000000100000000)
  region size 1024K, 71 young (72704K), 5 survivors (5120K)
 Metaspace       used 118220K, committed 118976K, reserved 1179648K
  class space    used 15446K, committed 15808K, reserved 1048576K
}
Event: 13.802 GC heap after
{Heap after GC invocations=47 (full 0):
 garbage-first heap   total 244736K, used 132830K [0x0000000080000000, 0x0000000100000000)
  region size 1024K, 6 young (6144K), 6 survivors (6144K)
 Metaspace       used 118220K, committed 118976K, reserved 1179648K
  class space    used 15446K, committed 15808K, reserved 1048576K
}
Event: 13.862 GC heap before
{Heap before GC invocations=47 (full 0):
 garbage-first heap   total 244736K, used 137950K [0x0000000080000000, 0x0000000100000000)
  region size 1024K, 11 young (11264K), 6 survivors (6144K)
 Metaspace       used 118973K, committed 119744K, reserved 1179648K
  class space    used 15518K, committed 15872K, reserved 1048576K
}
Event: 13.866 GC heap after
{Heap after GC invocations=48 (full 0):
 garbage-first heap   total 244736K, used 132880K [0x0000000080000000, 0x0000000100000000)
  region size 1024K, 1 young (1024K), 1 survivors (1024K)
 Metaspace       used 118973K, committed 119744K, reserved 1179648K
  class space    used 15518K, committed 15872K, reserved 1048576K
}
Event: 14.692 GC heap before
{Heap before GC invocations=48 (full 0):
 garbage-first heap   total 244736K, used 205584K [0x0000000080000000, 0x0000000100000000)
  region size 1024K, 68 young (69632K), 1 survivors (1024K)
 Metaspace       used 124169K, committed 124992K, reserved 1179648K
  class space    used 16176K, committed 16576K, reserved 1048576K
}

