# JRE version: OpenJDK Runtime Environment (17.0.9) (build 17.0.9+0--11185874)
# Java VM: OpenJDK 64-Bit Server VM (17.0.9+0--11185874, mixed mode, tiered, compressed oops, compressed class ptrs, g1 gc, windows-amd64)
GC Precious Log:
 CPUs: 16 total, 16 available
 Memory: 8027M
 Large Page Support: Disabled
 NUMA Support: Disabled
 Compressed Oops: Enabled (32-bit)
 Heap Region Size: 1M
 Heap Min Capacity: 8M
 Heap Initial Capacity: 126M
 Heap Max Capacity: 2G
 Pre-touch: Disabled
 Parallel Workers: 13
 Concurrent Workers: 3
 Concurrent Refinement Workers: 13
 Periodic GC: Disabled
Heap:
 garbage-first heap   total 338944K, used 293824K [0x0000000080000000, 0x0000000100000000)
  region size 1024K, 2 young (2048K), 2 survivors (2048K)
 Metaspace       used 157558K, committed 159424K, reserved 1245184K
  class space    used 21613K, committed 22528K, reserved 1048576K
GC Heap History (20 events):
Event: 2261.235 GC heap after
{Heap after GC invocations=67 (full 0):
 garbage-first heap   total 336896K, used 186309K [0x0000000080000000, 0x0000000100000000)
  region size 1024K, 2 young (2048K), 2 survivors (2048K)
 Metaspace       used 148187K, committed 149952K, reserved 1179648K
  class space    used 20627K, committed 21440K, reserved 1048576K
}
Event: 2288.663 GC heap before
{Heap before GC invocations=67 (full 0):
 garbage-first heap   total 336896K, used 285637K [0x0000000080000000, 0x0000000100000000)
  region size 1024K, 100 young (102400K), 2 survivors (2048K)
 Metaspace       used 148380K, committed 150144K, reserved 1179648K
  class space    used 20628K, committed 21440K, reserved 1048576K
}
Event: 2288.680 GC heap after
{Heap after GC invocations=68 (full 0):
 garbage-first heap   total 336896K, used 196572K [0x0000000080000000, 0x0000000100000000)
  region size 1024K, 12 young (12288K), 12 survivors (12288K)
 Metaspace       used 148380K, committed 150144K, reserved 1179648K
  class space    used 20628K, committed 21440K, reserved 1048576K
}
Event: 2347.224 GC heap before
{Heap before GC invocations=68 (full 0):
 garbage-first heap   total 336896K, used 281564K [0x0000000080000000, 0x0000000100000000)
  region size 1024K, 96 young (98304K), 12 survivors (12288K)
 Metaspace       used 148505K, committed 150208K, reserved 1179648K
  class space    used 20631K, committed 21440K, reserved 1048576K
}
Event: 2347.243 GC heap after
{Heap after GC invocations=69 (full 0):
 garbage-first heap   total 336896K, used 197867K [0x0000000080000000, 0x0000000100000000)
  region size 1024K, 3 young (3072K), 3 survivors (3072K)
 Metaspace       used 148505K, committed 150208K, reserved 1179648K
  class space    used 20631K, committed 21440K, reserved 1048576K
}
Event: 2348.133 GC heap before
{Heap before GC invocations=69 (full 0):
 garbage-first heap   total 336896K, used 284907K [0x0000000080000000, 0x0000000100000000)
  region size 1024K, 89 young (91136K), 3 survivors (3072K)
 Metaspace       used 150487K, committed 152384K, reserved 1179648K
  class space    used 20863K, committed 21760K, reserved 1048576K
}
Event: 2348.143 GC heap after
{Heap after GC invocations=70 (full 0):
 garbage-first heap   total 336896K, used 207661K [0x0000000080000000, 0x0000000100000000)
  region size 1024K, 12 young (12288K), 12 survivors (12288K)
 Metaspace       used 150487K, committed 152384K, reserved 1179648K
  class space    used 20863K, committed 21760K, reserved 1048576K
}
Event: 2349.291 GC heap before
{Heap before GC invocations=70 (full 0):
 garbage-first heap   total 336896K, used 291629K [0x0000000080000000, 0x0000000100000000)
  region size 1024K, 87 young (89088K), 12 survivors (12288K)
 Metaspace       used 151505K, committed 153344K, reserved 1245184K
  class space    used 20938K, committed 21824K, reserved 1048576K
}
Event: 2349.308 GC heap after
{Heap after GC invocations=71 (full 0):
 garbage-first heap   total 336896K, used 220086K [0x0000000080000000, 0x0000000100000000)
  region size 1024K, 11 young (11264K), 11 survivors (11264K)
 Metaspace       used 151505K, committed 153344K, reserved 1245184K
  class space    used 20938K, committed 21824K, reserved 1048576K
}
Event: 2349.594 GC heap before
{Heap before GC invocations=71 (full 0):
 garbage-first heap   total 336896K, used 280502K [0x0000000080000000, 0x0000000100000000)
  region size 1024K, 71 young (72704K), 11 survivors (11264K)
 Metaspace       used 154639K, committed 156416K, reserved 1245184K
  class space    used 21243K, committed 22080K, reserved 1048576K
}
Event: 2349.603 GC heap after
{Heap after GC invocations=72 (full 0):
 garbage-first heap   total 336896K, used 228112K [0x0000000080000000, 0x0000000100000000)
  region size 1024K, 7 young (7168K), 7 survivors (7168K)
 Metaspace       used 154639K, committed 156416K, reserved 1245184K
  class space    used 21243K, committed 22080K, reserved 1048576K
}
Event: 2350.030 GC heap before
{Heap before GC invocations=72 (full 0):
 garbage-first heap   total 336896K, used 283408K [0x0000000080000000, 0x0000000100000000)
  region size 1024K, 62 young (63488K), 7 survivors (7168K)
 Metaspace       used 156754K, committed 158592K, reserved 1245184K
  class space    used 21500K, committed 22400K, reserved 1048576K
}
Event: 2350.034 GC heap after
{Heap after GC invocations=73 (full 0):
 garbage-first heap   total 336896K, used 225125K [0x0000000080000000, 0x0000000100000000)
  region size 1024K, 2 young (2048K), 2 survivors (2048K)
 Metaspace       used 156754K, committed 158592K, reserved 1245184K
  class space    used 21500K, committed 22400K, reserved 1048576K
}
Event: 2350.420 GC heap before
{Heap before GC invocations=73 (full 0):
 garbage-first heap   total 336896K, used 285541K [0x0000000080000000, 0x0000000100000000)
  region size 1024K, 39 young (39936K), 2 survivors (2048K)
 Metaspace       used 157409K, committed 159296K, reserved 1245184K
  class space    used 21571K, committed 22464K, reserved 1048576K
}
Event: 2350.431 GC heap after
{Heap after GC invocations=74 (full 0):
 garbage-first heap   total 336896K, used 256316K [0x0000000080000000, 0x0000000100000000)
  region size 1024K, 8 young (8192K), 8 survivors (8192K)
 Metaspace       used 157409K, committed 159296K, reserved 1245184K
  class space    used 21571K, committed 22464K, reserved 1048576K
}
Event: 2350.484 GC heap before
{Heap before GC invocations=74 (full 0):
 garbage-first heap   total 336896K, used 322876K [0x0000000080000000, 0x0000000100000000)
  region size 1024K, 24 young (24576K), 8 survivors (8192K)
 Metaspace       used 157518K, committed 159424K, reserved 1245184K
  class space    used 21604K, committed 22528K, reserved 1048576K
}
Event: 2350.490 GC heap after
{Heap after GC invocations=75 (full 0):
 garbage-first heap   total 338944K, used 280683K [0x0000000080000000, 0x0000000100000000)
  region size 1024K, 6 young (6144K), 6 survivors (6144K)
 Metaspace       used 157518K, committed 159424K, reserved 1245184K
  class space    used 21604K, committed 22528K, reserved 1048576K
}
Event: 2350.525 GC heap before
{Heap before GC invocations=75 (full 0):
 garbage-first heap   total 338944K, used 307307K [0x0000000080000000, 0x0000000100000000)
  region size 1024K, 19 young (19456K), 6 survivors (6144K)
 Metaspace       used 157552K, committed 159424K, reserved 1245184K
  class space    used 21611K, committed 22528K, reserved 1048576K
}
Event: 2350.532 GC heap after
{Heap after GC invocations=76 (full 0):
 garbage-first heap   total 338944K, used 289388K [0x0000000080000000, 0x0000000100000000)
  region size 1024K, 3 young (3072K), 3 survivors (3072K)
 Metaspace       used 157552K, committed 159424K, reserved 1245184K
  class space    used 21611K, committed 22528K, reserved 1048576K
}
Event: 2350.569 GC heap before
{Heap before GC invocations=76 (full 0):
 garbage-first heap   total 338944K, used 301676K [0x0000000080000000, 0x0000000100000000)
  region size 1024K, 16 young (16384K), 3 survivors (3072K)
 Metaspace       used 157558K, committed 159424K, reserved 1245184K
  class space    used 21613K, committed 22528K, reserved 1048576K
}

