# JRE version: OpenJDK Runtime Environment (17.0.9) (build 17.0.9+0--11185874)
# Java VM: OpenJDK 64-Bit Server VM (17.0.9+0--11185874, mixed mode, tiered, compressed oops, compressed class ptrs, g1 gc, windows-amd64)
GC Precious Log:
 CPUs: 16 total, 16 available
 Memory: 8027M
 Large Page Support: Disabled
 NUMA Support: Disabled
 Compressed Oops: Enabled (32-bit)
 Heap Region Size: 1M
 Heap Min Capacity: 8M
 Heap Initial Capacity: 126M
 Heap Max Capacity: 2G
 Pre-touch: Disabled
 Parallel Workers: 13
 Concurrent Workers: 3
 Concurrent Refinement Workers: 13
 Periodic GC: Disabled
Heap:
 garbage-first heap   total 337920K, used 183494K [0x0000000080000000, 0x0000000100000000)
  region size 1024K, 88 young (90112K), 13 survivors (13312K)
 Metaspace       used 125970K, committed 126976K, reserved 1179648K
  class space    used 16709K, committed 17344K, reserved 1048576K
GC Heap History (20 events):
Event: 12.536 GC heap before
{Heap before GC invocations=34 (full 0):
 garbage-first heap   total 182272K, used 149000K [0x0000000080000000, 0x0000000100000000)
  region size 1024K, 66 young (67584K), 6 survivors (6144K)
 Metaspace       used 98964K, committed 99712K, reserved 1179648K
  class space    used 13633K, committed 14016K, reserved 1048576K
}
Event: 12.541 GC heap after
{Heap after GC invocations=35 (full 0):
 garbage-first heap   total 182272K, used 91255K [0x0000000080000000, 0x0000000100000000)
  region size 1024K, 7 young (7168K), 7 survivors (7168K)
 Metaspace       used 98964K, committed 99712K, reserved 1179648K
  class space    used 13633K, committed 14016K, reserved 1048576K
}
Event: 13.261 GC heap before
{Heap before GC invocations=35 (full 0):
 garbage-first heap   total 182272K, used 153719K [0x0000000080000000, 0x0000000100000000)
  region size 1024K, 64 young (65536K), 7 survivors (7168K)
 Metaspace       used 103045K, committed 103872K, reserved 1179648K
  class space    used 14180K, committed 14592K, reserved 1048576K
}
Event: 13.273 GC heap after
{Heap after GC invocations=36 (full 0):
 garbage-first heap   total 182272K, used 98602K [0x0000000080000000, 0x0000000100000000)
  region size 1024K, 8 young (8192K), 8 survivors (8192K)
 Metaspace       used 103045K, committed 103872K, reserved 1179648K
  class space    used 14180K, committed 14592K, reserved 1048576K
}
Event: 13.563 GC heap before
{Heap before GC invocations=36 (full 0):
 garbage-first heap   total 182272K, used 147754K [0x0000000080000000, 0x0000000100000000)
  region size 1024K, 57 young (58368K), 8 survivors (8192K)
 Metaspace       used 104440K, committed 105216K, reserved 1179648K
  class space    used 14450K, committed 14848K, reserved 1048576K
}
Event: 13.575 GC heap after
{Heap after GC invocations=37 (full 0):
 garbage-first heap   total 182272K, used 104116K [0x0000000080000000, 0x0000000100000000)
  region size 1024K, 6 young (6144K), 6 survivors (6144K)
 Metaspace       used 104440K, committed 105216K, reserved 1179648K
  class space    used 14450K, committed 14848K, reserved 1048576K
}
Event: 14.118 GC heap before
{Heap before GC invocations=37 (full 0):
 garbage-first heap   total 182272K, used 148148K [0x0000000080000000, 0x0000000100000000)
  region size 1024K, 50 young (51200K), 6 survivors (6144K)
 Metaspace       used 106727K, committed 107584K, reserved 1179648K
  class space    used 14667K, committed 15104K, reserved 1048576K
}
Event: 14.124 GC heap after
{Heap after GC invocations=38 (full 0):
 garbage-first heap   total 348160K, used 106390K [0x0000000080000000, 0x0000000100000000)
  region size 1024K, 3 young (3072K), 3 survivors (3072K)
 Metaspace       used 106727K, committed 107584K, reserved 1179648K
  class space    used 14667K, committed 15104K, reserved 1048576K
}
Event: 21.390 GC heap before
{Heap before GC invocations=38 (full 0):
 garbage-first heap   total 348160K, used 273302K [0x0000000080000000, 0x0000000100000000)
  region size 1024K, 168 young (172032K), 3 survivors (3072K)
 Metaspace       used 116292K, committed 117120K, reserved 1179648K
  class space    used 15825K, committed 16256K, reserved 1048576K
}
Event: 21.404 GC heap after
{Heap after GC invocations=39 (full 0):
 garbage-first heap   total 348160K, used 117078K [0x0000000080000000, 0x0000000100000000)
  region size 1024K, 14 young (14336K), 14 survivors (14336K)
 Metaspace       used 116292K, committed 117120K, reserved 1179648K
  class space    used 15825K, committed 16256K, reserved 1048576K
}
Event: 1010.939 GC heap before
{Heap before GC invocations=40 (full 0):
 garbage-first heap   total 348160K, used 269654K [0x0000000080000000, 0x0000000100000000)
  region size 1024K, 164 young (167936K), 14 survivors (14336K)
 Metaspace       used 122239K, committed 123200K, reserved 1179648K
  class space    used 16359K, committed 16832K, reserved 1048576K
}
Event: 1011.021 GC heap after
{Heap after GC invocations=41 (full 0):
 garbage-first heap   total 348160K, used 127078K [0x0000000080000000, 0x0000000100000000)
  region size 1024K, 11 young (11264K), 11 survivors (11264K)
 Metaspace       used 122239K, committed 123200K, reserved 1179648K
  class space    used 16359K, committed 16832K, reserved 1048576K
}
Event: 1011.083 GC heap before
{Heap before GC invocations=41 (full 0):
 garbage-first heap   total 348160K, used 132198K [0x0000000080000000, 0x0000000100000000)
  region size 1024K, 17 young (17408K), 11 survivors (11264K)
 Metaspace       used 122250K, committed 123200K, reserved 1179648K
  class space    used 16359K, committed 16832K, reserved 1048576K
}
Event: 1011.101 GC heap after
{Heap after GC invocations=42 (full 0):
 garbage-first heap   total 348160K, used 128148K [0x0000000080000000, 0x0000000100000000)
  region size 1024K, 3 young (3072K), 3 survivors (3072K)
 Metaspace       used 122250K, committed 123200K, reserved 1179648K
  class space    used 16359K, committed 16832K, reserved 1048576K
}
Event: 1078.316 GC heap before
{Heap before GC invocations=42 (full 0):
 garbage-first heap   total 348160K, used 275604K [0x0000000080000000, 0x0000000100000000)
  region size 1024K, 148 young (151552K), 3 survivors (3072K)
 Metaspace       used 123469K, committed 124480K, reserved 1179648K
  class space    used 16500K, committed 17024K, reserved 1048576K
}
Event: 1078.323 GC heap after
{Heap after GC invocations=43 (full 0):
 garbage-first heap   total 348160K, used 127946K [0x0000000080000000, 0x0000000100000000)
  region size 1024K, 3 young (3072K), 3 survivors (3072K)
 Metaspace       used 123469K, committed 124480K, reserved 1179648K
  class space    used 16500K, committed 17024K, reserved 1048576K
}
Event: 3621.564 GC heap before
{Heap before GC invocations=43 (full 0):
 garbage-first heap   total 348160K, used 269258K [0x0000000080000000, 0x0000000100000000)
  region size 1024K, 143 young (146432K), 3 survivors (3072K)
 Metaspace       used 124101K, committed 125120K, reserved 1179648K
  class space    used 16557K, committed 17088K, reserved 1048576K
}
Event: 3621.662 GC heap after
{Heap after GC invocations=44 (full 1):
 garbage-first heap   total 337920K, used 96163K [0x0000000080000000, 0x0000000100000000)
  region size 1024K, 0 young (0K), 0 survivors (0K)
 Metaspace       used 124101K, committed 125120K, reserved 1179648K
  class space    used 16557K, committed 17088K, reserved 1048576K
}
Event: 6176.878 GC heap before
{Heap before GC invocations=44 (full 1):
 garbage-first heap   total 337920K, used 268195K [0x0000000080000000, 0x0000000100000000)
  region size 1024K, 168 young (172032K), 0 survivors (0K)
 Metaspace       used 125651K, committed 126720K, reserved 1179648K
  class space    used 16747K, committed 17280K, reserved 1048576K
}
Event: 6176.912 GC heap after
{Heap after GC invocations=45 (full 1):
 garbage-first heap   total 337920K, used 108743K [0x0000000080000000, 0x0000000100000000)
  region size 1024K, 13 young (13312K), 13 survivors (13312K)
 Metaspace       used 125651K, committed 126720K, reserved 1179648K
  class space    used 16747K, committed 17280K, reserved 1048576K
}

