# JRE version: OpenJDK Runtime Environment (17.0.9) (build 17.0.9+0--11185874)
# Java VM: OpenJDK 64-Bit Server VM (17.0.9+0--11185874, mixed mode, tiered, compressed oops, compressed class ptrs, g1 gc, windows-amd64)
GC Precious Log:
 CPUs: 16 total, 16 available
 Memory: 8027M
 Large Page Support: Disabled
 NUMA Support: Disabled
 Compressed Oops: Enabled (32-bit)
 Heap Region Size: 1M
 Heap Min Capacity: 8M
 Heap Initial Capacity: 126M
 Heap Max Capacity: 2G
 Pre-touch: Disabled
 Parallel Workers: 13
 Concurrent Workers: 3
 Concurrent Refinement Workers: 13
 Periodic GC: Disabled
Heap:
 garbage-first heap   total 86016K, used 52735K [0x0000000080000000, 0x0000000100000000)
  region size 1024K, 5 young (5120K), 4 survivors (4096K)
 Metaspace       used 56440K, committed 56960K, reserved 1114112K
  class space    used 7691K, committed 7936K, reserved 1048576K
GC Heap History (20 events):
Event: 3.232 GC heap before
{Heap before GC invocations=4 (full 0):
 garbage-first heap   total 71680K, used 52856K [0x0000000080000000, 0x0000000100000000)
  region size 1024K, 42 young (43008K), 9 survivors (9216K)
 Metaspace       used 26576K, committed 26816K, reserved 1114112K
  class space    used 3406K, committed 3520K, reserved 1048576K
}
Event: 3.241 GC heap after
{Heap after GC invocations=5 (full 0):
 garbage-first heap   total 71680K, used 20638K [0x0000000080000000, 0x0000000100000000)
  region size 1024K, 3 young (3072K), 3 survivors (3072K)
 Metaspace       used 26576K, committed 26816K, reserved 1114112K
  class space    used 3406K, committed 3520K, reserved 1048576K
}
Event: 3.762 GC heap before
{Heap before GC invocations=5 (full 0):
 garbage-first heap   total 71680K, used 49310K [0x0000000080000000, 0x0000000100000000)
  region size 1024K, 31 young (31744K), 3 survivors (3072K)
 Metaspace       used 30530K, committed 30848K, reserved 1114112K
  class space    used 4045K, committed 4160K, reserved 1048576K
}
Event: 3.765 GC heap after
{Heap after GC invocations=6 (full 0):
 garbage-first heap   total 71680K, used 22080K [0x0000000080000000, 0x0000000100000000)
  region size 1024K, 4 young (4096K), 4 survivors (4096K)
 Metaspace       used 30530K, committed 30848K, reserved 1114112K
  class space    used 4045K, committed 4160K, reserved 1048576K
}
Event: 4.163 GC heap before
{Heap before GC invocations=6 (full 0):
 garbage-first heap   total 71680K, used 51776K [0x0000000080000000, 0x0000000100000000)
  region size 1024K, 33 young (33792K), 4 survivors (4096K)
 Metaspace       used 34077K, committed 34368K, reserved 1114112K
  class space    used 4636K, committed 4736K, reserved 1048576K
}
Event: 4.167 GC heap after
{Heap after GC invocations=7 (full 0):
 garbage-first heap   total 71680K, used 23448K [0x0000000080000000, 0x0000000100000000)
  region size 1024K, 4 young (4096K), 4 survivors (4096K)
 Metaspace       used 34077K, committed 34368K, reserved 1114112K
  class space    used 4636K, committed 4736K, reserved 1048576K
}
Event: 4.293 GC heap before
{Heap before GC invocations=7 (full 0):
 garbage-first heap   total 71680K, used 30616K [0x0000000080000000, 0x0000000100000000)
  region size 1024K, 13 young (13312K), 4 survivors (4096K)
 Metaspace       used 35757K, committed 36096K, reserved 1114112K
  class space    used 4852K, committed 5056K, reserved 1048576K
}
Event: 4.298 GC heap after
{Heap after GC invocations=8 (full 0):
 garbage-first heap   total 86016K, used 23788K [0x0000000080000000, 0x0000000100000000)
  region size 1024K, 2 young (2048K), 2 survivors (2048K)
 Metaspace       used 35757K, committed 36096K, reserved 1114112K
  class space    used 4852K, committed 5056K, reserved 1048576K
}
Event: 4.809 GC heap before
{Heap before GC invocations=9 (full 0):
 garbage-first heap   total 86016K, used 64748K [0x0000000080000000, 0x0000000100000000)
  region size 1024K, 43 young (44032K), 2 survivors (2048K)
 Metaspace       used 41671K, committed 42112K, reserved 1114112K
  class space    used 5512K, committed 5696K, reserved 1048576K
}
Event: 4.813 GC heap after
{Heap after GC invocations=10 (full 0):
 garbage-first heap   total 86016K, used 28067K [0x0000000080000000, 0x0000000100000000)
  region size 1024K, 6 young (6144K), 6 survivors (6144K)
 Metaspace       used 41671K, committed 42112K, reserved 1114112K
  class space    used 5512K, committed 5696K, reserved 1048576K
}
Event: 5.271 GC heap before
{Heap before GC invocations=10 (full 0):
 garbage-first heap   total 86016K, used 66979K [0x0000000080000000, 0x0000000100000000)
  region size 1024K, 42 young (43008K), 6 survivors (6144K)
 Metaspace       used 45508K, committed 45888K, reserved 1114112K
  class space    used 6044K, committed 6208K, reserved 1048576K
}
Event: 5.276 GC heap after
{Heap after GC invocations=11 (full 0):
 garbage-first heap   total 86016K, used 29783K [0x0000000080000000, 0x0000000100000000)
  region size 1024K, 3 young (3072K), 3 survivors (3072K)
 Metaspace       used 45508K, committed 45888K, reserved 1114112K
  class space    used 6044K, committed 6208K, reserved 1048576K
}
Event: 5.822 GC heap before
{Heap before GC invocations=11 (full 0):
 garbage-first heap   total 86016K, used 65623K [0x0000000080000000, 0x0000000100000000)
  region size 1024K, 38 young (38912K), 3 survivors (3072K)
 Metaspace       used 50228K, committed 50688K, reserved 1114112K
  class space    used 6784K, committed 6976K, reserved 1048576K
}
Event: 5.825 GC heap after
{Heap after GC invocations=12 (full 0):
 garbage-first heap   total 86016K, used 31227K [0x0000000080000000, 0x0000000100000000)
  region size 1024K, 4 young (4096K), 4 survivors (4096K)
 Metaspace       used 50228K, committed 50688K, reserved 1114112K
  class space    used 6784K, committed 6976K, reserved 1048576K
}
Event: 6.476 GC heap before
{Heap before GC invocations=12 (full 0):
 garbage-first heap   total 86016K, used 67067K [0x0000000080000000, 0x0000000100000000)
  region size 1024K, 39 young (39936K), 4 survivors (4096K)
 Metaspace       used 54423K, committed 54848K, reserved 1114112K
  class space    used 7458K, committed 7616K, reserved 1048576K
}
Event: 6.482 GC heap after
{Heap after GC invocations=13 (full 0):
 garbage-first heap   total 86016K, used 33387K [0x0000000080000000, 0x0000000100000000)
  region size 1024K, 4 young (4096K), 4 survivors (4096K)
 Metaspace       used 54423K, committed 54848K, reserved 1114112K
  class space    used 7458K, committed 7616K, reserved 1048576K
}
Event: 7.181 GC heap before
{Heap before GC invocations=13 (full 0):
 garbage-first heap   total 86016K, used 67179K [0x0000000080000000, 0x0000000100000000)
  region size 1024K, 38 young (38912K), 4 survivors (4096K)
 Metaspace       used 56339K, committed 56832K, reserved 1114112K
  class space    used 7678K, committed 7936K, reserved 1048576K
}
Event: 7.186 GC heap after
{Heap after GC invocations=14 (full 0):
 garbage-first heap   total 86016K, used 37361K [0x0000000080000000, 0x0000000100000000)
  region size 1024K, 5 young (5120K), 5 survivors (5120K)
 Metaspace       used 56339K, committed 56832K, reserved 1114112K
  class space    used 7678K, committed 7936K, reserved 1048576K
}
Event: 7.302 GC heap before
{Heap before GC invocations=14 (full 0):
 garbage-first heap   total 86016K, used 45553K [0x0000000080000000, 0x0000000100000000)
  region size 1024K, 11 young (11264K), 5 survivors (5120K)
 Metaspace       used 56399K, committed 56896K, reserved 1114112K
  class space    used 7685K, committed 7936K, reserved 1048576K
}
Event: 7.306 GC heap after
{Heap after GC invocations=15 (full 0):
 garbage-first heap   total 86016K, used 43997K [0x0000000080000000, 0x0000000100000000)
  region size 1024K, 3 young (3072K), 3 survivors (3072K)
 Metaspace       used 56399K, committed 56896K, reserved 1114112K
  class space    used 7685K, committed 7936K, reserved 1048576K
}

