# JRE version: OpenJDK Runtime Environment (17.0.9) (build 17.0.9+0--11185874)
# Java VM: OpenJDK 64-Bit Server VM (17.0.9+0--11185874, mixed mode, tiered, compressed oops, compressed class ptrs, g1 gc, windows-amd64)
GC Precious Log:
 CPUs: 16 total, 16 available
 Memory: 8027M
 Large Page Support: Disabled
 NUMA Support: Disabled
 Compressed Oops: Enabled (32-bit)
 Heap Region Size: 1M
 Heap Min Capacity: 8M
 Heap Initial Capacity: 126M
 Heap Max Capacity: 2G
 Pre-touch: Disabled
 Parallel Workers: 13
 Concurrent Workers: 3
 Concurrent Refinement Workers: 13
 Periodic GC: Disabled
Heap:
 garbage-first heap   total 186368K, used 128353K [0x0000000080000000, 0x0000000100000000)
  region size 1024K, 6 young (6144K), 6 survivors (6144K)
 Metaspace       used 99820K, committed 100608K, reserved 1179648K
  class space    used 13592K, committed 13952K, reserved 1048576K
GC Heap History (20 events):
Event: 9.302 GC heap after
{Heap after GC invocations=42 (full 0):
 garbage-first heap   total 183296K, used 91611K [0x0000000080000000, 0x0000000100000000)
  region size 1024K, 6 young (6144K), 6 survivors (6144K)
 Metaspace       used 74936K, committed 75648K, reserved 1114112K
  class space    used 10047K, committed 10368K, reserved 1048576K
}
Event: 9.317 GC heap before
{Heap before GC invocations=42 (full 0):
 garbage-first heap   total 183296K, used 93659K [0x0000000080000000, 0x0000000100000000)
  region size 1024K, 8 young (8192K), 6 survivors (6144K)
 Metaspace       used 75044K, committed 75712K, reserved 1114112K
  class space    used 10060K, committed 10368K, reserved 1048576K
}
Event: 9.322 GC heap after
{Heap after GC invocations=43 (full 0):
 garbage-first heap   total 183296K, used 91941K [0x0000000080000000, 0x0000000100000000)
  region size 1024K, 1 young (1024K), 1 survivors (1024K)
 Metaspace       used 75044K, committed 75712K, reserved 1114112K
  class space    used 10060K, committed 10368K, reserved 1048576K
}
Event: 9.733 GC heap before
{Heap before GC invocations=43 (full 0):
 garbage-first heap   total 183296K, used 118565K [0x0000000080000000, 0x0000000100000000)
  region size 1024K, 28 young (28672K), 1 survivors (1024K)
 Metaspace       used 77957K, committed 78656K, reserved 1179648K
  class space    used 10449K, committed 10816K, reserved 1048576K
}
Event: 9.735 GC heap after
{Heap after GC invocations=44 (full 0):
 garbage-first heap   total 183296K, used 92885K [0x0000000080000000, 0x0000000100000000)
  region size 1024K, 2 young (2048K), 2 survivors (2048K)
 Metaspace       used 77957K, committed 78656K, reserved 1179648K
  class space    used 10449K, committed 10816K, reserved 1048576K
}
Event: 10.304 GC heap before
{Heap before GC invocations=45 (full 0):
 garbage-first heap   total 183296K, used 146133K [0x0000000080000000, 0x0000000100000000)
  region size 1024K, 50 young (51200K), 2 survivors (2048K)
 Metaspace       used 82871K, committed 83584K, reserved 1179648K
  class space    used 11137K, committed 11456K, reserved 1048576K
}
Event: 10.307 GC heap after
{Heap after GC invocations=46 (full 0):
 garbage-first heap   total 183296K, used 99592K [0x0000000080000000, 0x0000000100000000)
  region size 1024K, 5 young (5120K), 5 survivors (5120K)
 Metaspace       used 82871K, committed 83584K, reserved 1179648K
  class space    used 11137K, committed 11456K, reserved 1048576K
}
Event: 10.908 GC heap before
{Heap before GC invocations=46 (full 0):
 garbage-first heap   total 183296K, used 146696K [0x0000000080000000, 0x0000000100000000)
  region size 1024K, 52 young (53248K), 5 survivors (5120K)
 Metaspace       used 85148K, committed 85824K, reserved 1179648K
  class space    used 11437K, committed 11776K, reserved 1048576K
}
Event: 10.915 GC heap after
{Heap after GC invocations=47 (full 0):
 garbage-first heap   total 183296K, used 104009K [0x0000000080000000, 0x0000000100000000)
  region size 1024K, 7 young (7168K), 7 survivors (7168K)
 Metaspace       used 85148K, committed 85824K, reserved 1179648K
  class space    used 11437K, committed 11776K, reserved 1048576K
}
Event: 11.425 GC heap before
{Heap before GC invocations=48 (full 0):
 garbage-first heap   total 183296K, used 151113K [0x0000000080000000, 0x0000000100000000)
  region size 1024K, 52 young (53248K), 7 survivors (7168K)
 Metaspace       used 88119K, committed 88896K, reserved 1179648K
  class space    used 11838K, committed 12224K, reserved 1048576K
}
Event: 11.433 GC heap after
{Heap after GC invocations=49 (full 0):
 garbage-first heap   total 183296K, used 106888K [0x0000000080000000, 0x0000000100000000)
  region size 1024K, 3 young (3072K), 3 survivors (3072K)
 Metaspace       used 88119K, committed 88896K, reserved 1179648K
  class space    used 11838K, committed 12224K, reserved 1048576K
}
Event: 11.484 GC heap before
{Heap before GC invocations=49 (full 0):
 garbage-first heap   total 183296K, used 110984K [0x0000000080000000, 0x0000000100000000)
  region size 1024K, 8 young (8192K), 3 survivors (3072K)
 Metaspace       used 88435K, committed 89216K, reserved 1179648K
  class space    used 11881K, committed 12224K, reserved 1048576K
}
Event: 11.488 GC heap after
{Heap after GC invocations=50 (full 0):
 garbage-first heap   total 183296K, used 107079K [0x0000000080000000, 0x0000000100000000)
  region size 1024K, 1 young (1024K), 1 survivors (1024K)
 Metaspace       used 88435K, committed 89216K, reserved 1179648K
  class space    used 11881K, committed 12224K, reserved 1048576K
}
Event: 12.039 GC heap before
{Heap before GC invocations=50 (full 0):
 garbage-first heap   total 183296K, used 152135K [0x0000000080000000, 0x0000000100000000)
  region size 1024K, 45 young (46080K), 1 survivors (1024K)
 Metaspace       used 91669K, committed 92416K, reserved 1179648K
  class space    used 12508K, committed 12864K, reserved 1048576K
}
Event: 12.042 GC heap after
{Heap after GC invocations=51 (full 0):
 garbage-first heap   total 183296K, used 107688K [0x0000000080000000, 0x0000000100000000)
  region size 1024K, 2 young (2048K), 2 survivors (2048K)
 Metaspace       used 91669K, committed 92416K, reserved 1179648K
  class space    used 12508K, committed 12864K, reserved 1048576K
}
Event: 12.525 GC heap before
{Heap before GC invocations=52 (full 0):
 garbage-first heap   total 186368K, used 152744K [0x0000000080000000, 0x0000000100000000)
  region size 1024K, 46 young (47104K), 2 survivors (2048K)
 Metaspace       used 94682K, committed 95488K, reserved 1179648K
  class space    used 12976K, committed 13376K, reserved 1048576K
}
Event: 12.529 GC heap after
{Heap after GC invocations=53 (full 0):
 garbage-first heap   total 186368K, used 109650K [0x0000000080000000, 0x0000000100000000)
  region size 1024K, 4 young (4096K), 4 survivors (4096K)
 Metaspace       used 94682K, committed 95488K, reserved 1179648K
  class space    used 12976K, committed 13376K, reserved 1048576K
}
Event: 12.579 GC heap before
{Heap before GC invocations=53 (full 0):
 garbage-first heap   total 186368K, used 113746K [0x0000000080000000, 0x0000000100000000)
  region size 1024K, 9 young (9216K), 4 survivors (4096K)
 Metaspace       used 95089K, committed 95872K, reserved 1179648K
  class space    used 13032K, committed 13440K, reserved 1048576K
}
Event: 12.583 GC heap after
{Heap after GC invocations=54 (full 0):
 garbage-first heap   total 186368K, used 110916K [0x0000000080000000, 0x0000000100000000)
  region size 1024K, 2 young (2048K), 2 survivors (2048K)
 Metaspace       used 95089K, committed 95872K, reserved 1179648K
  class space    used 13032K, committed 13440K, reserved 1048576K
}
Event: 13.149 GC heap before
{Heap before GC invocations=54 (full 0):
 garbage-first heap   total 186368K, used 171332K [0x0000000080000000, 0x0000000100000000)
  region size 1024K, 46 young (47104K), 2 survivors (2048K)
 Metaspace       used 99820K, committed 100608K, reserved 1179648K
  class space    used 13592K, committed 13952K, reserved 1048576K
}

